2018-08-06 19:38:43,827 - INFO - Tweepy Config - {'consumer_key': 'EDEHVD09dN7cdIJMPr4D47eYp', 'consumer_secret': 'jTQFOvigDTHu4Lusb7rJ3kCX0RkimTEX1iZaFl0MloKMuhB1Tb', 'access_token': '3932937014-ULiqX7aTSxpHEQOHEncUL2w6YT3tEzvbyYpseea', 'access_token_secret': 'CdGTXhyJX9qkBO3MeqRAZne6Cv4MPPKWDMlUuMz3DTNcV'}
2018-08-06 19:45:01,823 - INFO - Tweepy Config - {'consumer_key': 'EDEHVD09dN7cdIJMPr4D47eYp', 'consumer_secret': 'jTQFOvigDTHu4Lusb7rJ3kCX0RkimTEX1iZaFl0MloKMuhB1Tb', 'access_token': '3932937014-ULiqX7aTSxpHEQOHEncUL2w6YT3tEzvbyYpseea', 'access_token_secret': 'CdGTXhyJX9qkBO3MeqRAZne6Cv4MPPKWDMlUuMz3DTNcV'}
2018-08-06 19:46:31,930 - INFO - Tweepy Config - {'consumer_key': 'EDEHVD09dN7cdIJMPr4D47eYp', 'consumer_secret': 'jTQFOvigDTHu4Lusb7rJ3kCX0RkimTEX1iZaFl0MloKMuhB1Tb', 'access_token': '3932937014-ULiqX7aTSxpHEQOHEncUL2w6YT3tEzvbyYpseea', 'access_token_secret': 'CdGTXhyJX9qkBO3MeqRAZne6Cv4MPPKWDMlUuMz3DTNcV'}
2018-08-06 20:49:35,017 - INFO - Tweepy Config - {'consumer_key': 'EDEHVD09dN7cdIJMPr4D47eYp', 'consumer_secret': 'jTQFOvigDTHu4Lusb7rJ3kCX0RkimTEX1iZaFl0MloKMuhB1Tb', 'access_token': '3932937014-ULiqX7aTSxpHEQOHEncUL2w6YT3tEzvbyYpseea', 'access_token_secret': 'CdGTXhyJX9qkBO3MeqRAZne6Cv4MPPKWDMlUuMz3DTNcV'}
2018-08-06 20:53:23,163 - INFO - Tweepy Config - {'consumer_key': 'EDEHVD09dN7cdIJMPr4D47eYp', 'consumer_secret': 'jTQFOvigDTHu4Lusb7rJ3kCX0RkimTEX1iZaFl0MloKMuhB1Tb', 'access_token': '3932937014-ULiqX7aTSxpHEQOHEncUL2w6YT3tEzvbyYpseea', 'access_token_secret': 'CdGTXhyJX9qkBO3MeqRAZne6Cv4MPPKWDMlUuMz3DTNcV'}
2018-08-06 20:55:09,555 - INFO - Tweepy Config - {'consumer_key': 'EDEHVD09dN7cdIJMPr4D47eYp', 'consumer_secret': 'jTQFOvigDTHu4Lusb7rJ3kCX0RkimTEX1iZaFl0MloKMuhB1Tb', 'access_token': '3932937014-ULiqX7aTSxpHEQOHEncUL2w6YT3tEzvbyYpseea', 'access_token_secret': 'CdGTXhyJX9qkBO3MeqRAZne6Cv4MPPKWDMlUuMz3DTNcV'}
2018-08-06 20:55:34,738 - INFO - Tweepy Config - {'consumer_key': 'EDEHVD09dN7cdIJMPr4D47eYp', 'consumer_secret': 'jTQFOvigDTHu4Lusb7rJ3kCX0RkimTEX1iZaFl0MloKMuhB1Tb', 'access_token': '3932937014-ULiqX7aTSxpHEQOHEncUL2w6YT3tEzvbyYpseea', 'access_token_secret': 'CdGTXhyJX9qkBO3MeqRAZne6Cv4MPPKWDMlUuMz3DTNcV'}
2018-08-06 20:55:47,388 - INFO - Tweepy Config - {'consumer_key': 'EDEHVD09dN7cdIJMPr4D47eYp', 'consumer_secret': 'jTQFOvigDTHu4Lusb7rJ3kCX0RkimTEX1iZaFl0MloKMuhB1Tb', 'access_token': '3932937014-ULiqX7aTSxpHEQOHEncUL2w6YT3tEzvbyYpseea', 'access_token_secret': 'CdGTXhyJX9qkBO3MeqRAZne6Cv4MPPKWDMlUuMz3DTNcV'}
2018-08-06 20:57:43,830 - INFO - Tweepy Config - {'consumer_key': 'EDEHVD09dN7cdIJMPr4D47eYp', 'consumer_secret': 'jTQFOvigDTHu4Lusb7rJ3kCX0RkimTEX1iZaFl0MloKMuhB1Tb', 'access_token': '3932937014-ULiqX7aTSxpHEQOHEncUL2w6YT3tEzvbyYpseea', 'access_token_secret': 'CdGTXhyJX9qkBO3MeqRAZne6Cv4MPPKWDMlUuMz3DTNcV'}
2018-08-06 20:58:24,952 - INFO - Tweepy Config - {'consumer_key': 'EDEHVD09dN7cdIJMPr4D47eYp', 'consumer_secret': 'jTQFOvigDTHu4Lusb7rJ3kCX0RkimTEX1iZaFl0MloKMuhB1Tb', 'access_token': '3932937014-ULiqX7aTSxpHEQOHEncUL2w6YT3tEzvbyYpseea', 'access_token_secret': 'CdGTXhyJX9qkBO3MeqRAZne6Cv4MPPKWDMlUuMz3DTNcV'}
2018-08-06 20:58:38,970 - INFO - Tweepy Config - {'consumer_key': 'EDEHVD09dN7cdIJMPr4D47eYp', 'consumer_secret': 'jTQFOvigDTHu4Lusb7rJ3kCX0RkimTEX1iZaFl0MloKMuhB1Tb', 'access_token': '3932937014-ULiqX7aTSxpHEQOHEncUL2w6YT3tEzvbyYpseea', 'access_token_secret': 'CdGTXhyJX9qkBO3MeqRAZne6Cv4MPPKWDMlUuMz3DTNcV'}
2018-08-06 20:58:52,500 - INFO - Tweepy Config - {'consumer_key': 'EDEHVD09dN7cdIJMPr4D47eYp', 'consumer_secret': 'jTQFOvigDTHu4Lusb7rJ3kCX0RkimTEX1iZaFl0MloKMuhB1Tb', 'access_token': '3932937014-ULiqX7aTSxpHEQOHEncUL2w6YT3tEzvbyYpseea', 'access_token_secret': 'CdGTXhyJX9qkBO3MeqRAZne6Cv4MPPKWDMlUuMz3DTNcV'}
2018-08-06 20:59:03,947 - INFO - Tweepy Config - {'consumer_key': 'EDEHVD09dN7cdIJMPr4D47eYp', 'consumer_secret': 'jTQFOvigDTHu4Lusb7rJ3kCX0RkimTEX1iZaFl0MloKMuhB1Tb', 'access_token': '3932937014-ULiqX7aTSxpHEQOHEncUL2w6YT3tEzvbyYpseea', 'access_token_secret': 'CdGTXhyJX9qkBO3MeqRAZne6Cv4MPPKWDMlUuMz3DTNcV'}
2018-08-06 20:59:17,921 - INFO - Tweepy Config - {'consumer_key': 'EDEHVD09dN7cdIJMPr4D47eYp', 'consumer_secret': 'jTQFOvigDTHu4Lusb7rJ3kCX0RkimTEX1iZaFl0MloKMuhB1Tb', 'access_token': '3932937014-ULiqX7aTSxpHEQOHEncUL2w6YT3tEzvbyYpseea', 'access_token_secret': 'CdGTXhyJX9qkBO3MeqRAZne6Cv4MPPKWDMlUuMz3DTNcV'}
2018-08-06 20:59:32,711 - INFO - Tweepy Config - {'consumer_key': 'EDEHVD09dN7cdIJMPr4D47eYp', 'consumer_secret': 'jTQFOvigDTHu4Lusb7rJ3kCX0RkimTEX1iZaFl0MloKMuhB1Tb', 'access_token': '3932937014-ULiqX7aTSxpHEQOHEncUL2w6YT3tEzvbyYpseea', 'access_token_secret': 'CdGTXhyJX9qkBO3MeqRAZne6Cv4MPPKWDMlUuMz3DTNcV'}
2018-08-06 20:59:50,691 - INFO - Tweepy Config - {'consumer_key': 'EDEHVD09dN7cdIJMPr4D47eYp', 'consumer_secret': 'jTQFOvigDTHu4Lusb7rJ3kCX0RkimTEX1iZaFl0MloKMuhB1Tb', 'access_token': '3932937014-ULiqX7aTSxpHEQOHEncUL2w6YT3tEzvbyYpseea', 'access_token_secret': 'CdGTXhyJX9qkBO3MeqRAZne6Cv4MPPKWDMlUuMz3DTNcV'}
2018-08-06 21:00:05,893 - INFO - Tweepy Config - {'consumer_key': 'EDEHVD09dN7cdIJMPr4D47eYp', 'consumer_secret': 'jTQFOvigDTHu4Lusb7rJ3kCX0RkimTEX1iZaFl0MloKMuhB1Tb', 'access_token': '3932937014-ULiqX7aTSxpHEQOHEncUL2w6YT3tEzvbyYpseea', 'access_token_secret': 'CdGTXhyJX9qkBO3MeqRAZne6Cv4MPPKWDMlUuMz3DTNcV'}
2018-08-06 21:00:25,207 - INFO - Tweepy Config - {'consumer_key': 'EDEHVD09dN7cdIJMPr4D47eYp', 'consumer_secret': 'jTQFOvigDTHu4Lusb7rJ3kCX0RkimTEX1iZaFl0MloKMuhB1Tb', 'access_token': '3932937014-ULiqX7aTSxpHEQOHEncUL2w6YT3tEzvbyYpseea', 'access_token_secret': 'CdGTXhyJX9qkBO3MeqRAZne6Cv4MPPKWDMlUuMz3DTNcV'}
2018-08-06 21:01:19,239 - INFO - Tweepy Config - {'consumer_key': 'EDEHVD09dN7cdIJMPr4D47eYp', 'consumer_secret': 'jTQFOvigDTHu4Lusb7rJ3kCX0RkimTEX1iZaFl0MloKMuhB1Tb', 'access_token': '3932937014-ULiqX7aTSxpHEQOHEncUL2w6YT3tEzvbyYpseea', 'access_token_secret': 'CdGTXhyJX9qkBO3MeqRAZne6Cv4MPPKWDMlUuMz3DTNcV'}
2018-08-06 21:02:39,823 - INFO - Tweepy Config - {'consumer_key': 'EDEHVD09dN7cdIJMPr4D47eYp', 'consumer_secret': 'jTQFOvigDTHu4Lusb7rJ3kCX0RkimTEX1iZaFl0MloKMuhB1Tb', 'access_token': '3932937014-ULiqX7aTSxpHEQOHEncUL2w6YT3tEzvbyYpseea', 'access_token_secret': 'CdGTXhyJX9qkBO3MeqRAZne6Cv4MPPKWDMlUuMz3DTNcV'}
2018-08-06 21:02:55,359 - INFO - Tweepy Config - {'consumer_key': 'EDEHVD09dN7cdIJMPr4D47eYp', 'consumer_secret': 'jTQFOvigDTHu4Lusb7rJ3kCX0RkimTEX1iZaFl0MloKMuhB1Tb', 'access_token': '3932937014-ULiqX7aTSxpHEQOHEncUL2w6YT3tEzvbyYpseea', 'access_token_secret': 'CdGTXhyJX9qkBO3MeqRAZne6Cv4MPPKWDMlUuMz3DTNcV'}
2018-08-06 21:06:38,256 - INFO - Tweepy Config - {'consumer_key': 'EDEHVD09dN7cdIJMPr4D47eYp', 'consumer_secret': 'jTQFOvigDTHu4Lusb7rJ3kCX0RkimTEX1iZaFl0MloKMuhB1Tb', 'access_token': '3932937014-ULiqX7aTSxpHEQOHEncUL2w6YT3tEzvbyYpseea', 'access_token_secret': 'CdGTXhyJX9qkBO3MeqRAZne6Cv4MPPKWDMlUuMz3DTNcV'}
2018-08-06 21:07:14,230 - INFO - Tweepy Config - {'consumer_key': 'EDEHVD09dN7cdIJMPr4D47eYp', 'consumer_secret': 'jTQFOvigDTHu4Lusb7rJ3kCX0RkimTEX1iZaFl0MloKMuhB1Tb', 'access_token': '3932937014-ULiqX7aTSxpHEQOHEncUL2w6YT3tEzvbyYpseea', 'access_token_secret': 'CdGTXhyJX9qkBO3MeqRAZne6Cv4MPPKWDMlUuMz3DTNcV'}
2018-08-06 21:08:40,380 - INFO - Tweepy Config - {'consumer_key': 'EDEHVD09dN7cdIJMPr4D47eYp', 'consumer_secret': 'jTQFOvigDTHu4Lusb7rJ3kCX0RkimTEX1iZaFl0MloKMuhB1Tb', 'access_token': '3932937014-ULiqX7aTSxpHEQOHEncUL2w6YT3tEzvbyYpseea', 'access_token_secret': 'CdGTXhyJX9qkBO3MeqRAZne6Cv4MPPKWDMlUuMz3DTNcV'}
2018-08-06 21:09:29,430 - INFO - Tweepy Config - {'consumer_key': 'EDEHVD09dN7cdIJMPr4D47eYp', 'consumer_secret': 'jTQFOvigDTHu4Lusb7rJ3kCX0RkimTEX1iZaFl0MloKMuhB1Tb', 'access_token': '3932937014-ULiqX7aTSxpHEQOHEncUL2w6YT3tEzvbyYpseea', 'access_token_secret': 'CdGTXhyJX9qkBO3MeqRAZne6Cv4MPPKWDMlUuMz3DTNcV'}
2018-08-06 21:10:13,169 - INFO - Tweepy Config - {'consumer_key': 'EDEHVD09dN7cdIJMPr4D47eYp', 'consumer_secret': 'jTQFOvigDTHu4Lusb7rJ3kCX0RkimTEX1iZaFl0MloKMuhB1Tb', 'access_token': '3932937014-ULiqX7aTSxpHEQOHEncUL2w6YT3tEzvbyYpseea', 'access_token_secret': 'CdGTXhyJX9qkBO3MeqRAZne6Cv4MPPKWDMlUuMz3DTNcV'}
2018-08-06 21:10:20,592 - INFO - Tweepy Config - {'consumer_key': 'EDEHVD09dN7cdIJMPr4D47eYp', 'consumer_secret': 'jTQFOvigDTHu4Lusb7rJ3kCX0RkimTEX1iZaFl0MloKMuhB1Tb', 'access_token': '3932937014-ULiqX7aTSxpHEQOHEncUL2w6YT3tEzvbyYpseea', 'access_token_secret': 'CdGTXhyJX9qkBO3MeqRAZne6Cv4MPPKWDMlUuMz3DTNcV'}
2018-08-06 21:11:49,927 - INFO - Tweepy Config - {'consumer_key': 'EDEHVD09dN7cdIJMPr4D47eYp', 'consumer_secret': 'jTQFOvigDTHu4Lusb7rJ3kCX0RkimTEX1iZaFl0MloKMuhB1Tb', 'access_token': '3932937014-ULiqX7aTSxpHEQOHEncUL2w6YT3tEzvbyYpseea', 'access_token_secret': 'CdGTXhyJX9qkBO3MeqRAZne6Cv4MPPKWDMlUuMz3DTNcV'}
2018-08-06 21:13:07,988 - INFO - Tweepy Config - {'consumer_key': 'EDEHVD09dN7cdIJMPr4D47eYp', 'consumer_secret': 'jTQFOvigDTHu4Lusb7rJ3kCX0RkimTEX1iZaFl0MloKMuhB1Tb', 'access_token': '3932937014-ULiqX7aTSxpHEQOHEncUL2w6YT3tEzvbyYpseea', 'access_token_secret': 'CdGTXhyJX9qkBO3MeqRAZne6Cv4MPPKWDMlUuMz3DTNcV'}
2018-08-06 21:13:25,172 - INFO - Tweepy Config - {'consumer_key': 'EDEHVD09dN7cdIJMPr4D47eYp', 'consumer_secret': 'jTQFOvigDTHu4Lusb7rJ3kCX0RkimTEX1iZaFl0MloKMuhB1Tb', 'access_token': '3932937014-ULiqX7aTSxpHEQOHEncUL2w6YT3tEzvbyYpseea', 'access_token_secret': 'CdGTXhyJX9qkBO3MeqRAZne6Cv4MPPKWDMlUuMz3DTNcV'}
2018-08-06 21:14:27,856 - INFO - Tweepy Config - {'consumer_key': 'EDEHVD09dN7cdIJMPr4D47eYp', 'consumer_secret': 'jTQFOvigDTHu4Lusb7rJ3kCX0RkimTEX1iZaFl0MloKMuhB1Tb', 'access_token': '3932937014-ULiqX7aTSxpHEQOHEncUL2w6YT3tEzvbyYpseea', 'access_token_secret': 'CdGTXhyJX9qkBO3MeqRAZne6Cv4MPPKWDMlUuMz3DTNcV'}
2018-08-06 21:14:36,159 - INFO - Tweepy Config - {'consumer_key': 'EDEHVD09dN7cdIJMPr4D47eYp', 'consumer_secret': 'jTQFOvigDTHu4Lusb7rJ3kCX0RkimTEX1iZaFl0MloKMuhB1Tb', 'access_token': '3932937014-ULiqX7aTSxpHEQOHEncUL2w6YT3tEzvbyYpseea', 'access_token_secret': 'CdGTXhyJX9qkBO3MeqRAZne6Cv4MPPKWDMlUuMz3DTNcV'}
2018-08-06 21:15:52,951 - INFO - Tweepy Config - {'consumer_key': 'EDEHVD09dN7cdIJMPr4D47eYp', 'consumer_secret': 'jTQFOvigDTHu4Lusb7rJ3kCX0RkimTEX1iZaFl0MloKMuhB1Tb', 'access_token': '3932937014-ULiqX7aTSxpHEQOHEncUL2w6YT3tEzvbyYpseea', 'access_token_secret': 'CdGTXhyJX9qkBO3MeqRAZne6Cv4MPPKWDMlUuMz3DTNcV'}
2018-08-06 21:16:11,033 - INFO - Tweepy Config - {'consumer_key': 'EDEHVD09dN7cdIJMPr4D47eYp', 'consumer_secret': 'jTQFOvigDTHu4Lusb7rJ3kCX0RkimTEX1iZaFl0MloKMuhB1Tb', 'access_token': '3932937014-ULiqX7aTSxpHEQOHEncUL2w6YT3tEzvbyYpseea', 'access_token_secret': 'CdGTXhyJX9qkBO3MeqRAZne6Cv4MPPKWDMlUuMz3DTNcV'}
2018-08-06 21:16:25,334 - INFO - Tweepy Config - {'consumer_key': 'EDEHVD09dN7cdIJMPr4D47eYp', 'consumer_secret': 'jTQFOvigDTHu4Lusb7rJ3kCX0RkimTEX1iZaFl0MloKMuhB1Tb', 'access_token': '3932937014-ULiqX7aTSxpHEQOHEncUL2w6YT3tEzvbyYpseea', 'access_token_secret': 'CdGTXhyJX9qkBO3MeqRAZne6Cv4MPPKWDMlUuMz3DTNcV'}
2018-08-06 21:17:09,288 - INFO - Tweepy Config - {'consumer_key': 'EDEHVD09dN7cdIJMPr4D47eYp', 'consumer_secret': 'jTQFOvigDTHu4Lusb7rJ3kCX0RkimTEX1iZaFl0MloKMuhB1Tb', 'access_token': '3932937014-ULiqX7aTSxpHEQOHEncUL2w6YT3tEzvbyYpseea', 'access_token_secret': 'CdGTXhyJX9qkBO3MeqRAZne6Cv4MPPKWDMlUuMz3DTNcV'}
2018-08-06 22:43:52,015 - INFO - Tweepy Config - {'consumer_key': 'EDEHVD09dN7cdIJMPr4D47eYp', 'consumer_secret': 'jTQFOvigDTHu4Lusb7rJ3kCX0RkimTEX1iZaFl0MloKMuhB1Tb', 'access_token': '3932937014-ULiqX7aTSxpHEQOHEncUL2w6YT3tEzvbyYpseea', 'access_token_secret': 'CdGTXhyJX9qkBO3MeqRAZne6Cv4MPPKWDMlUuMz3DTNcV'}
2018-08-06 23:26:38,217 - INFO - Tweepy Config - {'consumer_key': 'EDEHVD09dN7cdIJMPr4D47eYp', 'consumer_secret': 'jTQFOvigDTHu4Lusb7rJ3kCX0RkimTEX1iZaFl0MloKMuhB1Tb', 'access_token': '3932937014-ULiqX7aTSxpHEQOHEncUL2w6YT3tEzvbyYpseea', 'access_token_secret': 'CdGTXhyJX9qkBO3MeqRAZne6Cv4MPPKWDMlUuMz3DTNcV'}
2018-08-06 23:26:38,219 - INFO - MongoDB Config Url - {'url': 'mongodb://localhost:27017/'}
2018-08-06 23:27:17,556 - INFO - Tweepy Config - {'consumer_key': 'EDEHVD09dN7cdIJMPr4D47eYp', 'consumer_secret': 'jTQFOvigDTHu4Lusb7rJ3kCX0RkimTEX1iZaFl0MloKMuhB1Tb', 'access_token': '3932937014-ULiqX7aTSxpHEQOHEncUL2w6YT3tEzvbyYpseea', 'access_token_secret': 'CdGTXhyJX9qkBO3MeqRAZne6Cv4MPPKWDMlUuMz3DTNcV'}
2018-08-06 23:27:17,559 - INFO - MongoDB Config Url - {'url': 'mongodb://localhost:27017/'}
2018-08-06 23:31:11,703 - INFO - Tweepy Config - {'consumer_key': 'EDEHVD09dN7cdIJMPr4D47eYp', 'consumer_secret': 'jTQFOvigDTHu4Lusb7rJ3kCX0RkimTEX1iZaFl0MloKMuhB1Tb', 'access_token': '3932937014-ULiqX7aTSxpHEQOHEncUL2w6YT3tEzvbyYpseea', 'access_token_secret': 'CdGTXhyJX9qkBO3MeqRAZne6Cv4MPPKWDMlUuMz3DTNcV'}
2018-08-06 23:31:11,704 - INFO - MongoDB Config Url - {'url': 'mongodb://localhost:27017/'}
2018-08-06 23:34:31,051 - INFO - Tweepy Config - {'consumer_key': 'EDEHVD09dN7cdIJMPr4D47eYp', 'consumer_secret': 'jTQFOvigDTHu4Lusb7rJ3kCX0RkimTEX1iZaFl0MloKMuhB1Tb', 'access_token': '3932937014-ULiqX7aTSxpHEQOHEncUL2w6YT3tEzvbyYpseea', 'access_token_secret': 'CdGTXhyJX9qkBO3MeqRAZne6Cv4MPPKWDMlUuMz3DTNcV'}
2018-08-06 23:34:31,052 - INFO - MongoDB Config Url - mongodb://localhost:27017/
2018-08-06 23:39:43,557 - INFO - Tweepy Config - {'consumer_key': 'EDEHVD09dN7cdIJMPr4D47eYp', 'consumer_secret': 'jTQFOvigDTHu4Lusb7rJ3kCX0RkimTEX1iZaFl0MloKMuhB1Tb', 'access_token': '3932937014-ULiqX7aTSxpHEQOHEncUL2w6YT3tEzvbyYpseea', 'access_token_secret': 'CdGTXhyJX9qkBO3MeqRAZne6Cv4MPPKWDMlUuMz3DTNcV'}
2018-08-06 23:39:43,558 - INFO - MongoDB Config Url - mongodb://localhost:27017/
2018-08-06 23:41:31,370 - INFO - Tweepy Config - {'consumer_key': 'EDEHVD09dN7cdIJMPr4D47eYp', 'consumer_secret': 'jTQFOvigDTHu4Lusb7rJ3kCX0RkimTEX1iZaFl0MloKMuhB1Tb', 'access_token': '3932937014-ULiqX7aTSxpHEQOHEncUL2w6YT3tEzvbyYpseea', 'access_token_secret': 'CdGTXhyJX9qkBO3MeqRAZne6Cv4MPPKWDMlUuMz3DTNcV'}
2018-08-06 23:41:31,372 - INFO - MongoDB Config Url - mongodb://localhost:27017/
2018-08-08 15:07:07,988 - INFO - Tweepy Config - {'consumer_key': 'EDEHVD09dN7cdIJMPr4D47eYp', 'consumer_secret': 'jTQFOvigDTHu4Lusb7rJ3kCX0RkimTEX1iZaFl0MloKMuhB1Tb', 'access_token': '3932937014-ULiqX7aTSxpHEQOHEncUL2w6YT3tEzvbyYpseea', 'access_token_secret': 'CdGTXhyJX9qkBO3MeqRAZne6Cv4MPPKWDMlUuMz3DTNcV'}
2018-08-08 15:07:07,991 - INFO - MongoDB Config Url - mongodb://localhost:27017/
2018-08-08 15:08:37,769 - INFO - Tweepy Config - {'consumer_key': 'EDEHVD09dN7cdIJMPr4D47eYp', 'consumer_secret': 'jTQFOvigDTHu4Lusb7rJ3kCX0RkimTEX1iZaFl0MloKMuhB1Tb', 'access_token': '3932937014-ULiqX7aTSxpHEQOHEncUL2w6YT3tEzvbyYpseea', 'access_token_secret': 'CdGTXhyJX9qkBO3MeqRAZne6Cv4MPPKWDMlUuMz3DTNcV'}
2018-08-08 15:08:37,771 - INFO - MongoDB Config Url - mongodb://localhost:27017/
2018-08-08 15:08:48,107 - INFO - Tweepy Config - {'consumer_key': 'EDEHVD09dN7cdIJMPr4D47eYp', 'consumer_secret': 'jTQFOvigDTHu4Lusb7rJ3kCX0RkimTEX1iZaFl0MloKMuhB1Tb', 'access_token': '3932937014-ULiqX7aTSxpHEQOHEncUL2w6YT3tEzvbyYpseea', 'access_token_secret': 'CdGTXhyJX9qkBO3MeqRAZne6Cv4MPPKWDMlUuMz3DTNcV'}
2018-08-08 15:08:48,109 - INFO - MongoDB Config Url - mongodb://localhost:27017/
2018-08-08 15:09:10,613 - INFO - Tweepy Config - {'consumer_key': 'EDEHVD09dN7cdIJMPr4D47eYp', 'consumer_secret': 'jTQFOvigDTHu4Lusb7rJ3kCX0RkimTEX1iZaFl0MloKMuhB1Tb', 'access_token': '3932937014-ULiqX7aTSxpHEQOHEncUL2w6YT3tEzvbyYpseea', 'access_token_secret': 'CdGTXhyJX9qkBO3MeqRAZne6Cv4MPPKWDMlUuMz3DTNcV'}
2018-08-08 15:09:10,615 - INFO - MongoDB Config Url - mongodb://localhost:27017/
2018-08-08 15:12:04,851 - INFO - Tweepy Config - {'consumer_key': 'EDEHVD09dN7cdIJMPr4D47eYp', 'consumer_secret': 'jTQFOvigDTHu4Lusb7rJ3kCX0RkimTEX1iZaFl0MloKMuhB1Tb', 'access_token': '3932937014-ULiqX7aTSxpHEQOHEncUL2w6YT3tEzvbyYpseea', 'access_token_secret': 'CdGTXhyJX9qkBO3MeqRAZne6Cv4MPPKWDMlUuMz3DTNcV'}
2018-08-08 15:12:04,853 - INFO - MongoDB Config Url - mongodb://localhost:27017/
2018-08-08 15:14:25,196 - INFO - Tweepy Config - {'consumer_key': 'EDEHVD09dN7cdIJMPr4D47eYp', 'consumer_secret': 'jTQFOvigDTHu4Lusb7rJ3kCX0RkimTEX1iZaFl0MloKMuhB1Tb', 'access_token': '3932937014-ULiqX7aTSxpHEQOHEncUL2w6YT3tEzvbyYpseea', 'access_token_secret': 'CdGTXhyJX9qkBO3MeqRAZne6Cv4MPPKWDMlUuMz3DTNcV'}
2018-08-08 15:14:25,209 - INFO - MongoDB Config Url - mongodb://localhost:27017/
2018-08-08 15:19:53,500 - INFO - Tweepy Config - {'consumer_key': 'EDEHVD09dN7cdIJMPr4D47eYp', 'consumer_secret': 'jTQFOvigDTHu4Lusb7rJ3kCX0RkimTEX1iZaFl0MloKMuhB1Tb', 'access_token': '3932937014-ULiqX7aTSxpHEQOHEncUL2w6YT3tEzvbyYpseea', 'access_token_secret': 'CdGTXhyJX9qkBO3MeqRAZne6Cv4MPPKWDMlUuMz3DTNcV'}
2018-08-08 15:19:53,505 - INFO - MongoDB Config Url - mongodb://localhost:27017/
2018-08-08 15:22:35,805 - INFO - Tweepy Config - {'consumer_key': 'EDEHVD09dN7cdIJMPr4D47eYp', 'consumer_secret': 'jTQFOvigDTHu4Lusb7rJ3kCX0RkimTEX1iZaFl0MloKMuhB1Tb', 'access_token': '3932937014-ULiqX7aTSxpHEQOHEncUL2w6YT3tEzvbyYpseea', 'access_token_secret': 'CdGTXhyJX9qkBO3MeqRAZne6Cv4MPPKWDMlUuMz3DTNcV'}
2018-08-08 15:22:35,808 - INFO - MongoDB Config Url - mongodb://localhost:27017/
2018-08-08 15:22:42,272 - INFO - Tweepy Config - {'consumer_key': 'EDEHVD09dN7cdIJMPr4D47eYp', 'consumer_secret': 'jTQFOvigDTHu4Lusb7rJ3kCX0RkimTEX1iZaFl0MloKMuhB1Tb', 'access_token': '3932937014-ULiqX7aTSxpHEQOHEncUL2w6YT3tEzvbyYpseea', 'access_token_secret': 'CdGTXhyJX9qkBO3MeqRAZne6Cv4MPPKWDMlUuMz3DTNcV'}
2018-08-08 15:22:42,273 - INFO - MongoDB Config Url - mongodb://localhost:27017/
2018-08-08 15:23:18,090 - INFO - Tweepy Config - {'consumer_key': 'EDEHVD09dN7cdIJMPr4D47eYp', 'consumer_secret': 'jTQFOvigDTHu4Lusb7rJ3kCX0RkimTEX1iZaFl0MloKMuhB1Tb', 'access_token': '3932937014-ULiqX7aTSxpHEQOHEncUL2w6YT3tEzvbyYpseea', 'access_token_secret': 'CdGTXhyJX9qkBO3MeqRAZne6Cv4MPPKWDMlUuMz3DTNcV'}
2018-08-08 15:23:18,092 - INFO - MongoDB Config Url - mongodb://localhost:27017/
2018-08-08 15:24:04,606 - INFO - Tweepy Config - {'consumer_key': 'EDEHVD09dN7cdIJMPr4D47eYp', 'consumer_secret': 'jTQFOvigDTHu4Lusb7rJ3kCX0RkimTEX1iZaFl0MloKMuhB1Tb', 'access_token': '3932937014-ULiqX7aTSxpHEQOHEncUL2w6YT3tEzvbyYpseea', 'access_token_secret': 'CdGTXhyJX9qkBO3MeqRAZne6Cv4MPPKWDMlUuMz3DTNcV'}
2018-08-08 15:24:04,607 - INFO - MongoDB Config Url - mongodb://localhost:27017/
2018-08-08 15:24:04,612 - INFO - Keywords read from DB: ['Donald Trump', 'Hilary Clinton']
2018-08-08 15:30:04,772 - INFO - Tweepy Config - {'consumer_key': 'EDEHVD09dN7cdIJMPr4D47eYp', 'consumer_secret': 'jTQFOvigDTHu4Lusb7rJ3kCX0RkimTEX1iZaFl0MloKMuhB1Tb', 'access_token': '3932937014-ULiqX7aTSxpHEQOHEncUL2w6YT3tEzvbyYpseea', 'access_token_secret': 'CdGTXhyJX9qkBO3MeqRAZne6Cv4MPPKWDMlUuMz3DTNcV'}
2018-08-08 15:30:04,775 - INFO - MongoDB Config Url - mongodb://localhost:27017/
2018-08-08 15:30:04,786 - INFO - Topics read from DB: [{'_id': ObjectId('5b6b6eb79a6c425e928fb40d'), 'name': 'Hilary Clinton', 'keywords': ['Hilary Cliton']}, {'_id': ObjectId('5b6b6ec89a6c425e928fb40e'), 'name': 'Donald Trump', 'keywords': ['Donald Trump']}]
2018-08-08 15:37:34,578 - INFO - Tweepy Config - {'consumer_key': 'EDEHVD09dN7cdIJMPr4D47eYp', 'consumer_secret': 'jTQFOvigDTHu4Lusb7rJ3kCX0RkimTEX1iZaFl0MloKMuhB1Tb', 'access_token': '3932937014-ULiqX7aTSxpHEQOHEncUL2w6YT3tEzvbyYpseea', 'access_token_secret': 'CdGTXhyJX9qkBO3MeqRAZne6Cv4MPPKWDMlUuMz3DTNcV'}
2018-08-08 15:37:34,580 - INFO - MongoDB Config Url - mongodb://localhost:27017/
2018-08-08 15:37:34,592 - INFO - Topics read from DB: ['Donald Trump', 'Hilary Clinton']
2018-08-08 15:43:05,710 - INFO - Tweepy Config - {'consumer_key': 'EDEHVD09dN7cdIJMPr4D47eYp', 'consumer_secret': 'jTQFOvigDTHu4Lusb7rJ3kCX0RkimTEX1iZaFl0MloKMuhB1Tb', 'access_token': '3932937014-ULiqX7aTSxpHEQOHEncUL2w6YT3tEzvbyYpseea', 'access_token_secret': 'CdGTXhyJX9qkBO3MeqRAZne6Cv4MPPKWDMlUuMz3DTNcV'}
2018-08-08 15:43:05,713 - INFO - MongoDB Config Url - mongodb://localhost:27017/
2018-08-08 15:43:05,723 - INFO - Topics read from DB: ['Hilary Clinton', 'Donald Trump']
2018-08-08 16:26:02,501 - INFO - Tweepy Config - {'consumer_key': 'EDEHVD09dN7cdIJMPr4D47eYp', 'consumer_secret': 'jTQFOvigDTHu4Lusb7rJ3kCX0RkimTEX1iZaFl0MloKMuhB1Tb', 'access_token': '3932937014-ULiqX7aTSxpHEQOHEncUL2w6YT3tEzvbyYpseea', 'access_token_secret': 'CdGTXhyJX9qkBO3MeqRAZne6Cv4MPPKWDMlUuMz3DTNcV'}
2018-08-08 16:26:02,504 - INFO - MongoDB Config Url - mongodb://localhost:27017/
2018-08-08 16:26:02,517 - INFO - Topics read from DB: ['Hilary Clinton', 'Donald Trump']
2018-08-08 16:53:34,222 - INFO - Tweepy Config - {'consumer_key': 'EDEHVD09dN7cdIJMPr4D47eYp', 'consumer_secret': 'jTQFOvigDTHu4Lusb7rJ3kCX0RkimTEX1iZaFl0MloKMuhB1Tb', 'access_token': '3932937014-ULiqX7aTSxpHEQOHEncUL2w6YT3tEzvbyYpseea', 'access_token_secret': 'CdGTXhyJX9qkBO3MeqRAZne6Cv4MPPKWDMlUuMz3DTNcV'}
2018-08-08 16:53:34,233 - INFO - MongoDB Config Url - mongodb://localhost:27017/
2018-08-08 16:54:39,846 - INFO - Tweepy Config - {'consumer_key': 'EDEHVD09dN7cdIJMPr4D47eYp', 'consumer_secret': 'jTQFOvigDTHu4Lusb7rJ3kCX0RkimTEX1iZaFl0MloKMuhB1Tb', 'access_token': '3932937014-ULiqX7aTSxpHEQOHEncUL2w6YT3tEzvbyYpseea', 'access_token_secret': 'CdGTXhyJX9qkBO3MeqRAZne6Cv4MPPKWDMlUuMz3DTNcV'}
2018-08-08 16:54:39,849 - INFO - MongoDB Config Url - mongodb://localhost:27017/
2018-08-08 16:54:53,146 - INFO - Tweepy Config - {'consumer_key': 'EDEHVD09dN7cdIJMPr4D47eYp', 'consumer_secret': 'jTQFOvigDTHu4Lusb7rJ3kCX0RkimTEX1iZaFl0MloKMuhB1Tb', 'access_token': '3932937014-ULiqX7aTSxpHEQOHEncUL2w6YT3tEzvbyYpseea', 'access_token_secret': 'CdGTXhyJX9qkBO3MeqRAZne6Cv4MPPKWDMlUuMz3DTNcV'}
2018-08-08 16:54:53,150 - INFO - MongoDB Config Url - mongodb://localhost:27017/
2018-08-08 16:55:24,047 - INFO - Tweepy Config - {'consumer_key': 'EDEHVD09dN7cdIJMPr4D47eYp', 'consumer_secret': 'jTQFOvigDTHu4Lusb7rJ3kCX0RkimTEX1iZaFl0MloKMuhB1Tb', 'access_token': '3932937014-ULiqX7aTSxpHEQOHEncUL2w6YT3tEzvbyYpseea', 'access_token_secret': 'CdGTXhyJX9qkBO3MeqRAZne6Cv4MPPKWDMlUuMz3DTNcV'}
2018-08-08 16:55:24,059 - INFO - MongoDB Config Url - mongodb://localhost:27017/
2018-08-08 16:55:46,999 - INFO - Tweepy Config - {'consumer_key': 'EDEHVD09dN7cdIJMPr4D47eYp', 'consumer_secret': 'jTQFOvigDTHu4Lusb7rJ3kCX0RkimTEX1iZaFl0MloKMuhB1Tb', 'access_token': '3932937014-ULiqX7aTSxpHEQOHEncUL2w6YT3tEzvbyYpseea', 'access_token_secret': 'CdGTXhyJX9qkBO3MeqRAZne6Cv4MPPKWDMlUuMz3DTNcV'}
2018-08-08 16:55:47,002 - INFO - MongoDB Config Url - mongodb://localhost:27017/
2018-08-08 16:55:47,005 - INFO - Topics read from DB: dict_keys(['Hilary Clinton', 'Donald Trump'])
2018-08-08 16:56:41,747 - INFO - Tweepy Config - {'consumer_key': 'EDEHVD09dN7cdIJMPr4D47eYp', 'consumer_secret': 'jTQFOvigDTHu4Lusb7rJ3kCX0RkimTEX1iZaFl0MloKMuhB1Tb', 'access_token': '3932937014-ULiqX7aTSxpHEQOHEncUL2w6YT3tEzvbyYpseea', 'access_token_secret': 'CdGTXhyJX9qkBO3MeqRAZne6Cv4MPPKWDMlUuMz3DTNcV'}
2018-08-08 16:56:41,756 - INFO - MongoDB Config Url - mongodb://localhost:27017/
2018-08-08 16:56:41,765 - INFO - Topics read from DB: dict_keys(['Hilary Clinton', 'Donald Trump'])
2018-08-08 16:57:04,093 - INFO - Tweepy Config - {'consumer_key': 'EDEHVD09dN7cdIJMPr4D47eYp', 'consumer_secret': 'jTQFOvigDTHu4Lusb7rJ3kCX0RkimTEX1iZaFl0MloKMuhB1Tb', 'access_token': '3932937014-ULiqX7aTSxpHEQOHEncUL2w6YT3tEzvbyYpseea', 'access_token_secret': 'CdGTXhyJX9qkBO3MeqRAZne6Cv4MPPKWDMlUuMz3DTNcV'}
2018-08-08 16:57:04,096 - INFO - MongoDB Config Url - mongodb://localhost:27017/
2018-08-08 16:57:04,100 - INFO - Topics read from DB: dict_keys(['Hilary Clinton', 'Donald Trump'])
2018-08-08 16:57:44,238 - INFO - Tweepy Config - {'consumer_key': 'EDEHVD09dN7cdIJMPr4D47eYp', 'consumer_secret': 'jTQFOvigDTHu4Lusb7rJ3kCX0RkimTEX1iZaFl0MloKMuhB1Tb', 'access_token': '3932937014-ULiqX7aTSxpHEQOHEncUL2w6YT3tEzvbyYpseea', 'access_token_secret': 'CdGTXhyJX9qkBO3MeqRAZne6Cv4MPPKWDMlUuMz3DTNcV'}
2018-08-08 16:57:44,243 - INFO - MongoDB Config Url - mongodb://localhost:27017/
2018-08-08 16:57:44,246 - INFO - Topics read from DB: dict_keys(['Hilary Clinton', 'Donald Trump'])
2018-08-08 16:57:44,246 - INFO - Topic keywords: ['Hilary Cliton', '#hilaryclinton', 'Donald Trump', '#Trump']
2018-08-08 16:59:32,428 - INFO - Tweepy Config - {'consumer_key': 'EDEHVD09dN7cdIJMPr4D47eYp', 'consumer_secret': 'jTQFOvigDTHu4Lusb7rJ3kCX0RkimTEX1iZaFl0MloKMuhB1Tb', 'access_token': '3932937014-ULiqX7aTSxpHEQOHEncUL2w6YT3tEzvbyYpseea', 'access_token_secret': 'CdGTXhyJX9qkBO3MeqRAZne6Cv4MPPKWDMlUuMz3DTNcV'}
2018-08-08 16:59:32,432 - INFO - MongoDB Config Url - mongodb://localhost:27017/
2018-08-08 16:59:32,435 - INFO - Topics read from DB: dict_keys(['Hilary Clinton', 'Donald Trump'])
2018-08-08 16:59:32,435 - INFO - Topic keywords: ['Hilary Cliton', '#hilaryclinton', 'Donald Trump', '#Trump']
2018-08-08 16:59:50,450 - INFO - Tweepy Config - {'consumer_key': 'EDEHVD09dN7cdIJMPr4D47eYp', 'consumer_secret': 'jTQFOvigDTHu4Lusb7rJ3kCX0RkimTEX1iZaFl0MloKMuhB1Tb', 'access_token': '3932937014-ULiqX7aTSxpHEQOHEncUL2w6YT3tEzvbyYpseea', 'access_token_secret': 'CdGTXhyJX9qkBO3MeqRAZne6Cv4MPPKWDMlUuMz3DTNcV'}
2018-08-08 16:59:50,452 - INFO - MongoDB Config Url - mongodb://localhost:27017/
2018-08-08 16:59:50,456 - INFO - Topics read from DB: dict_keys(['Hilary Clinton', 'Donald Trump'])
2018-08-08 16:59:50,456 - INFO - Topic keywords: ['Hilary Cliton', '#hilaryclinton', 'Donald Trump', '#Trump']
2018-08-08 16:59:54,754 - INFO - Tweepy Config - {'consumer_key': 'EDEHVD09dN7cdIJMPr4D47eYp', 'consumer_secret': 'jTQFOvigDTHu4Lusb7rJ3kCX0RkimTEX1iZaFl0MloKMuhB1Tb', 'access_token': '3932937014-ULiqX7aTSxpHEQOHEncUL2w6YT3tEzvbyYpseea', 'access_token_secret': 'CdGTXhyJX9qkBO3MeqRAZne6Cv4MPPKWDMlUuMz3DTNcV'}
2018-08-08 16:59:54,757 - INFO - MongoDB Config Url - mongodb://localhost:27017/
2018-08-08 16:59:54,761 - INFO - Topics read from DB: dict_keys(['Hilary Clinton', 'Donald Trump'])
2018-08-08 16:59:54,761 - INFO - Topic keywords: ['Hilary Cliton', '#hilaryclinton', 'Donald Trump', '#Trump']
2018-08-08 17:00:34,922 - INFO - Tweepy Config - {'consumer_key': 'EDEHVD09dN7cdIJMPr4D47eYp', 'consumer_secret': 'jTQFOvigDTHu4Lusb7rJ3kCX0RkimTEX1iZaFl0MloKMuhB1Tb', 'access_token': '3932937014-ULiqX7aTSxpHEQOHEncUL2w6YT3tEzvbyYpseea', 'access_token_secret': 'CdGTXhyJX9qkBO3MeqRAZne6Cv4MPPKWDMlUuMz3DTNcV'}
2018-08-08 17:00:34,925 - INFO - MongoDB Config Url - mongodb://localhost:27017/
2018-08-08 17:00:34,928 - INFO - Topics read from DB: dict_keys(['Hilary Clinton', 'Donald Trump'])
2018-08-08 17:00:34,928 - INFO - Topic keywords: ['Hilary Cliton', '#hilaryclinton', 'Donald Trump', '#Trump']
2018-08-08 17:00:47,993 - INFO - Tweepy Config - {'consumer_key': 'EDEHVD09dN7cdIJMPr4D47eYp', 'consumer_secret': 'jTQFOvigDTHu4Lusb7rJ3kCX0RkimTEX1iZaFl0MloKMuhB1Tb', 'access_token': '3932937014-ULiqX7aTSxpHEQOHEncUL2w6YT3tEzvbyYpseea', 'access_token_secret': 'CdGTXhyJX9qkBO3MeqRAZne6Cv4MPPKWDMlUuMz3DTNcV'}
2018-08-08 17:00:47,995 - INFO - MongoDB Config Url - mongodb://localhost:27017/
2018-08-08 17:00:47,999 - INFO - Topics read from DB: dict_keys(['Hilary Clinton', 'Donald Trump'])
2018-08-08 17:00:47,999 - INFO - Topic keywords: ['Hilary Cliton', '#hilaryclinton', 'Donald Trump', '#Trump']
2018-08-08 17:03:24,253 - INFO - Tweepy Config - {'consumer_key': 'EDEHVD09dN7cdIJMPr4D47eYp', 'consumer_secret': 'jTQFOvigDTHu4Lusb7rJ3kCX0RkimTEX1iZaFl0MloKMuhB1Tb', 'access_token': '3932937014-ULiqX7aTSxpHEQOHEncUL2w6YT3tEzvbyYpseea', 'access_token_secret': 'CdGTXhyJX9qkBO3MeqRAZne6Cv4MPPKWDMlUuMz3DTNcV'}
2018-08-08 17:03:24,257 - INFO - MongoDB Config Url - mongodb://localhost:27017/
2018-08-08 17:03:24,260 - INFO - Topics read from DB: dict_keys(['Hilary Clinton', 'Donald Trump'])
2018-08-08 17:03:24,261 - INFO - Topic keywords: ['Hilary Cliton', '#hilaryclinton', 'Donald Trump', '#Trump']
2018-08-08 17:06:18,709 - INFO - Tweepy Config - {'consumer_key': 'EDEHVD09dN7cdIJMPr4D47eYp', 'consumer_secret': 'jTQFOvigDTHu4Lusb7rJ3kCX0RkimTEX1iZaFl0MloKMuhB1Tb', 'access_token': '3932937014-ULiqX7aTSxpHEQOHEncUL2w6YT3tEzvbyYpseea', 'access_token_secret': 'CdGTXhyJX9qkBO3MeqRAZne6Cv4MPPKWDMlUuMz3DTNcV'}
2018-08-08 17:06:18,712 - INFO - MongoDB Config Url - mongodb://localhost:27017/
2018-08-08 17:06:18,715 - INFO - Topics read from DB: dict_keys(['Hilary Clinton'])
2018-08-08 17:06:18,715 - INFO - Topic keywords: ['Hilary Cliton', '#hilaryclinton']
2018-08-08 17:11:46,393 - INFO - Tweepy Config - {'consumer_key': 'EDEHVD09dN7cdIJMPr4D47eYp', 'consumer_secret': 'jTQFOvigDTHu4Lusb7rJ3kCX0RkimTEX1iZaFl0MloKMuhB1Tb', 'access_token': '3932937014-ULiqX7aTSxpHEQOHEncUL2w6YT3tEzvbyYpseea', 'access_token_secret': 'CdGTXhyJX9qkBO3MeqRAZne6Cv4MPPKWDMlUuMz3DTNcV'}
2018-08-08 17:11:46,396 - INFO - MongoDB Config Url - mongodb://localhost:27017/
2018-08-08 17:11:46,400 - INFO - Topics read from DB: dict_keys(['Hilary Clinton'])
2018-08-08 17:11:46,400 - INFO - Topic keywords: ['Hilary Clinton', '#clinton']
2018-08-08 17:12:46,993 - INFO - Tweepy Config - {'consumer_key': 'EDEHVD09dN7cdIJMPr4D47eYp', 'consumer_secret': 'jTQFOvigDTHu4Lusb7rJ3kCX0RkimTEX1iZaFl0MloKMuhB1Tb', 'access_token': '3932937014-ULiqX7aTSxpHEQOHEncUL2w6YT3tEzvbyYpseea', 'access_token_secret': 'CdGTXhyJX9qkBO3MeqRAZne6Cv4MPPKWDMlUuMz3DTNcV'}
2018-08-08 17:12:46,996 - INFO - MongoDB Config Url - mongodb://localhost:27017/
2018-08-08 17:12:46,999 - INFO - Topics read from DB: dict_keys(['Hilary Clinton', 'James'])
2018-08-08 17:12:47,000 - INFO - Topic keywords: ['Hilary Clinton', '#clinton', 'James', '#james']
2018-08-08 17:13:29,805 - INFO - Tweepy Config - {'consumer_key': 'EDEHVD09dN7cdIJMPr4D47eYp', 'consumer_secret': 'jTQFOvigDTHu4Lusb7rJ3kCX0RkimTEX1iZaFl0MloKMuhB1Tb', 'access_token': '3932937014-ULiqX7aTSxpHEQOHEncUL2w6YT3tEzvbyYpseea', 'access_token_secret': 'CdGTXhyJX9qkBO3MeqRAZne6Cv4MPPKWDMlUuMz3DTNcV'}
2018-08-08 17:13:29,812 - INFO - MongoDB Config Url - mongodb://localhost:27017/
2018-08-08 17:13:29,815 - INFO - Topics read from DB: dict_keys(['Hilary Clinton', 'James', 'Donald Trump'])
2018-08-08 17:13:29,815 - INFO - Topic keywords: ['Hilary Clinton', '#clinton', 'James', '#james', 'Donald Trump', '#Trump']
2018-08-09 15:56:14,191 - INFO - Tweepy Config - {'consumer_key': 'EDEHVD09dN7cdIJMPr4D47eYp', 'consumer_secret': 'jTQFOvigDTHu4Lusb7rJ3kCX0RkimTEX1iZaFl0MloKMuhB1Tb', 'access_token': '3932937014-ULiqX7aTSxpHEQOHEncUL2w6YT3tEzvbyYpseea', 'access_token_secret': 'CdGTXhyJX9qkBO3MeqRAZne6Cv4MPPKWDMlUuMz3DTNcV'}
2018-08-09 15:56:14,195 - INFO - MongoDB Config Url - mongodb://localhost:27017/
2018-08-09 15:56:14,198 - INFO - Topics read from DB: dict_keys(['Hilary Clinton', 'James', 'Donald Trump'])
2018-08-09 15:56:14,199 - INFO - Topic keywords: ['Hilary Clinton', '#clinton', 'James', '#james', 'Donald Trump', '#Trump']
2018-08-09 16:14:31,687 - INFO - Tweepy Config - {'consumer_key': 'EDEHVD09dN7cdIJMPr4D47eYp', 'consumer_secret': 'jTQFOvigDTHu4Lusb7rJ3kCX0RkimTEX1iZaFl0MloKMuhB1Tb', 'access_token': '3932937014-ULiqX7aTSxpHEQOHEncUL2w6YT3tEzvbyYpseea', 'access_token_secret': 'CdGTXhyJX9qkBO3MeqRAZne6Cv4MPPKWDMlUuMz3DTNcV'}
2018-08-09 16:14:31,690 - INFO - MongoDB Config Url - mongodb://localhost:20087/
2018-08-09 17:15:43,214 - INFO - Tweepy Config - {'consumer_key': 'EDEHVD09dN7cdIJMPr4D47eYp', 'consumer_secret': 'jTQFOvigDTHu4Lusb7rJ3kCX0RkimTEX1iZaFl0MloKMuhB1Tb', 'access_token': '3932937014-ULiqX7aTSxpHEQOHEncUL2w6YT3tEzvbyYpseea', 'access_token_secret': 'CdGTXhyJX9qkBO3MeqRAZne6Cv4MPPKWDMlUuMz3DTNcV'}
2018-08-09 17:15:43,217 - INFO - MongoDB Config Url - mongodb://localhost:20087/
2018-08-09 17:15:43,220 - INFO - Topics read from DB: dict_keys(['Hilary Clinton', 'James', 'Donald Trump'])
2018-08-09 17:15:43,221 - INFO - Topic keywords: ['Hilary Clinton', '#clinton', 'James', '#james', 'Donald Trump', '#Trump']
2018-08-09 17:23:39,386 - INFO - Tweepy Config - {'consumer_key': 'EDEHVD09dN7cdIJMPr4D47eYp', 'consumer_secret': 'jTQFOvigDTHu4Lusb7rJ3kCX0RkimTEX1iZaFl0MloKMuhB1Tb', 'access_token': '3932937014-ULiqX7aTSxpHEQOHEncUL2w6YT3tEzvbyYpseea', 'access_token_secret': 'CdGTXhyJX9qkBO3MeqRAZne6Cv4MPPKWDMlUuMz3DTNcV'}
2018-08-09 17:23:39,390 - INFO - MongoDB Config Url - mongodb://localhost:20087/
2018-08-09 17:23:39,403 - INFO - Topics read from DB: dict_keys([])
2018-08-09 17:23:39,404 - INFO - Topic keywords: []
2018-08-09 17:33:00,095 - INFO - Tweepy Config - {'consumer_key': 'EDEHVD09dN7cdIJMPr4D47eYp', 'consumer_secret': 'jTQFOvigDTHu4Lusb7rJ3kCX0RkimTEX1iZaFl0MloKMuhB1Tb', 'access_token': '3932937014-ULiqX7aTSxpHEQOHEncUL2w6YT3tEzvbyYpseea', 'access_token_secret': 'CdGTXhyJX9qkBO3MeqRAZne6Cv4MPPKWDMlUuMz3DTNcV'}
2018-08-09 17:33:00,099 - INFO - MongoDB Config Url - mongodb://localhost:20087/
2018-08-09 17:33:00,106 - INFO - Topics read from DB: dict_keys([])
2018-08-09 17:33:00,106 - INFO - Topic keywords: []
2018-08-09 17:34:43,475 - INFO - Tweepy Config - {'consumer_key': 'EDEHVD09dN7cdIJMPr4D47eYp', 'consumer_secret': 'jTQFOvigDTHu4Lusb7rJ3kCX0RkimTEX1iZaFl0MloKMuhB1Tb', 'access_token': '3932937014-ULiqX7aTSxpHEQOHEncUL2w6YT3tEzvbyYpseea', 'access_token_secret': 'CdGTXhyJX9qkBO3MeqRAZne6Cv4MPPKWDMlUuMz3DTNcV'}
2018-08-09 17:34:43,478 - INFO - MongoDB Config Url - mongodb://localhost:20087/
2018-08-09 17:34:43,486 - INFO - Topics read from DB: dict_keys([])
2018-08-09 17:34:43,486 - INFO - Topic keywords: []
2018-08-09 17:35:07,291 - INFO - Tweepy Config - {'consumer_key': 'EDEHVD09dN7cdIJMPr4D47eYp', 'consumer_secret': 'jTQFOvigDTHu4Lusb7rJ3kCX0RkimTEX1iZaFl0MloKMuhB1Tb', 'access_token': '3932937014-ULiqX7aTSxpHEQOHEncUL2w6YT3tEzvbyYpseea', 'access_token_secret': 'CdGTXhyJX9qkBO3MeqRAZne6Cv4MPPKWDMlUuMz3DTNcV'}
2018-08-09 17:35:07,293 - INFO - MongoDB Config Url - mongodb://localhost:20087/
2018-08-09 17:35:07,302 - INFO - Topics read from DB: dict_keys([])
2018-08-09 17:35:07,302 - INFO - Topic keywords: []
2018-08-09 17:49:34,336 - INFO - Tweepy Config - {'consumer_key': 'EDEHVD09dN7cdIJMPr4D47eYp', 'consumer_secret': 'jTQFOvigDTHu4Lusb7rJ3kCX0RkimTEX1iZaFl0MloKMuhB1Tb', 'access_token': '3932937014-ULiqX7aTSxpHEQOHEncUL2w6YT3tEzvbyYpseea', 'access_token_secret': 'CdGTXhyJX9qkBO3MeqRAZne6Cv4MPPKWDMlUuMz3DTNcV'}
2018-08-09 17:49:34,341 - INFO - MongoDB Config Url - mongodb://localhost:20087/
2018-08-09 17:49:34,377 - INFO - Topics initialized from DB: dict_keys([])
2018-08-09 17:49:34,385 - INFO - Topic keywords: []
2018-08-09 17:49:58,590 - INFO - Tweepy Config - {'consumer_key': 'EDEHVD09dN7cdIJMPr4D47eYp', 'consumer_secret': 'jTQFOvigDTHu4Lusb7rJ3kCX0RkimTEX1iZaFl0MloKMuhB1Tb', 'access_token': '3932937014-ULiqX7aTSxpHEQOHEncUL2w6YT3tEzvbyYpseea', 'access_token_secret': 'CdGTXhyJX9qkBO3MeqRAZne6Cv4MPPKWDMlUuMz3DTNcV'}
2018-08-09 17:49:58,592 - INFO - MongoDB Config Url - mongodb://localhost:20087/
2018-08-09 17:49:58,616 - INFO - Topics initialized from DB: dict_keys([])
2018-08-09 17:49:58,618 - INFO - Topic keywords: []
2018-08-09 17:50:00,622 - INFO - Topics check, nothing changes
2018-08-09 17:50:02,630 - INFO - Topics check, nothing changes
2018-08-09 17:50:04,636 - INFO - Topics check, nothing changes
2018-08-09 17:50:06,642 - INFO - Topics check, nothing changes
2018-08-09 17:50:08,648 - INFO - Topics check, nothing changes
2018-08-09 17:50:10,654 - INFO - Topics check, nothing changes
2018-08-09 17:50:12,661 - INFO - Topics check, nothing changes
2018-08-09 17:50:14,682 - INFO - Topics check, nothing changes
2018-08-09 17:50:16,687 - INFO - Topics check, nothing changes
2018-08-09 17:50:18,691 - INFO - Topics check, nothing changes
2018-08-09 17:50:20,697 - INFO - Topics check, nothing changes
2018-08-09 17:50:22,703 - INFO - Topics check, nothing changes
2018-08-09 17:50:24,708 - INFO - Topics check, nothing changes
2018-08-09 17:50:26,714 - INFO - Topics check, nothing changes
2018-08-09 17:50:28,718 - INFO - Topics check, nothing changes
2018-08-09 17:50:30,724 - INFO - Topics check, nothing changes
2018-08-09 17:50:32,739 - INFO - Topics check, nothing changes
2018-08-09 17:50:34,754 - INFO - Topics check, nothing changes
2018-08-09 17:50:36,759 - INFO - Topics check, nothing changes
2018-08-09 17:50:38,767 - INFO - Topics check, nothing changes
2018-08-09 17:50:40,774 - INFO - Topics check, nothing changes
2018-08-09 17:50:42,781 - INFO - Topics check, nothing changes
2018-08-09 17:50:44,785 - INFO - Topics check, nothing changes
2018-08-09 17:50:46,792 - INFO - Topics check, nothing changes
2018-08-09 17:50:48,798 - INFO - Topics check, nothing changes
2018-08-09 17:50:50,805 - INFO - Topics check, nothing changes
2018-08-09 17:50:52,812 - INFO - Topics check, nothing changes
2018-08-09 17:50:54,818 - INFO - Topics check, nothing changes
2018-08-09 17:50:56,833 - INFO - Topics check, nothing changes
2018-08-09 17:50:58,840 - INFO - Topics check, nothing changes
2018-08-09 17:51:00,843 - INFO - Topics check, nothing changes
2018-08-09 17:51:02,849 - INFO - Topics check, nothing changes
2018-08-09 17:51:04,857 - INFO - Topics check, nothing changes
2018-08-09 17:51:06,863 - INFO - Topics check, nothing changes
2018-08-09 17:51:08,871 - INFO - Topics check, nothing changes
2018-08-09 17:51:10,887 - INFO - Topics check, nothing changes
2018-08-09 17:51:12,890 - INFO - Topics check, nothing changes
2018-08-09 17:51:14,896 - INFO - Topics check, nothing changes
2018-08-09 17:51:16,901 - INFO - Topics check, nothing changes
2018-08-09 17:51:18,910 - INFO - Topics check, nothing changes
2018-08-09 17:51:20,917 - INFO - Topics check, nothing changes
2018-08-09 17:51:22,922 - INFO - Topics check, nothing changes
2018-08-09 17:51:24,928 - INFO - Topics check, nothing changes
2018-08-09 17:51:26,935 - INFO - Topics check, nothing changes
2018-08-09 17:51:28,941 - INFO - Topics check, nothing changes
2018-08-09 17:51:30,944 - INFO - Topics check, nothing changes
2018-08-09 17:51:32,951 - INFO - Topics check, nothing changes
2018-08-09 17:51:34,957 - INFO - Topics check, nothing changes
2018-08-09 17:51:36,965 - INFO - Topics update from DB: dict_keys([])
2018-08-09 17:51:36,965 - INFO - Topic keywords: []
2018-08-09 17:51:38,976 - INFO - Topics update from DB: dict_keys([])
2018-08-09 17:51:38,977 - INFO - Topic keywords: []
2018-08-09 17:51:40,984 - INFO - Topics update from DB: dict_keys([])
2018-08-09 17:51:40,984 - INFO - Topic keywords: []
2018-08-09 17:51:42,994 - INFO - Topics update from DB: dict_keys([])
2018-08-09 17:51:42,994 - INFO - Topic keywords: []
2018-08-09 17:51:45,004 - INFO - Topics update from DB: dict_keys([])
2018-08-09 17:51:45,004 - INFO - Topic keywords: []
2018-08-09 17:51:47,019 - INFO - Topics update from DB: dict_keys([])
2018-08-09 17:51:47,020 - INFO - Topic keywords: []
2018-08-09 17:51:49,032 - INFO - Topics update from DB: dict_keys([])
2018-08-09 17:51:49,032 - INFO - Topic keywords: []
2018-08-09 17:51:51,040 - INFO - Topics update from DB: dict_keys([])
2018-08-09 17:51:51,040 - INFO - Topic keywords: []
2018-08-09 17:51:53,050 - INFO - Topics update from DB: dict_keys([])
2018-08-09 17:51:53,050 - INFO - Topic keywords: []
2018-08-09 17:51:55,061 - INFO - Topics update from DB: dict_keys([])
2018-08-09 17:51:55,061 - INFO - Topic keywords: []
2018-08-09 17:52:00,893 - INFO - Tweepy Config - {'consumer_key': 'EDEHVD09dN7cdIJMPr4D47eYp', 'consumer_secret': 'jTQFOvigDTHu4Lusb7rJ3kCX0RkimTEX1iZaFl0MloKMuhB1Tb', 'access_token': '3932937014-ULiqX7aTSxpHEQOHEncUL2w6YT3tEzvbyYpseea', 'access_token_secret': 'CdGTXhyJX9qkBO3MeqRAZne6Cv4MPPKWDMlUuMz3DTNcV'}
2018-08-09 17:52:00,896 - INFO - MongoDB Config Url - mongodb://localhost:20087/
2018-08-09 17:52:00,927 - INFO - Topics initialized from DB: dict_keys(['Donald Trump'])
2018-08-09 17:52:00,929 - INFO - Topic keywords: ['#trump']
2018-08-09 17:52:02,937 - INFO - Topics check, nothing changes
2018-08-09 17:52:04,944 - INFO - Topics check, nothing changes
2018-08-09 17:52:06,947 - INFO - Topics check, nothing changes
2018-08-09 17:52:08,955 - INFO - Topics check, nothing changes
2018-08-09 17:52:10,962 - INFO - Topics check, nothing changes
2018-08-09 17:52:12,972 - INFO - Topics check, nothing changes
2018-08-09 17:52:14,977 - INFO - Topics check, nothing changes
2018-08-09 17:52:16,983 - INFO - Topics check, nothing changes
2018-08-09 17:52:18,997 - INFO - Topics check, nothing changes
2018-08-09 17:52:21,005 - INFO - Topics check, nothing changes
2018-08-09 17:52:23,013 - INFO - Topics check, nothing changes
2018-08-09 17:52:25,020 - INFO - Topics check, nothing changes
2018-08-09 17:52:27,027 - INFO - Topics check, nothing changes
2018-08-09 17:52:29,033 - INFO - Topics check, nothing changes
2018-08-09 17:52:31,037 - INFO - Topics check, nothing changes
2018-08-09 17:52:33,043 - INFO - Topics update from DB: dict_keys([])
2018-08-09 17:52:33,044 - INFO - Topic keywords: []
2018-08-09 17:52:35,058 - INFO - Topics check, nothing changes
2018-08-09 17:52:37,063 - INFO - Topics check, nothing changes
2018-08-09 17:52:39,069 - INFO - Topics check, nothing changes
2018-08-09 17:52:41,076 - INFO - Topics check, nothing changes
2018-08-09 17:52:43,086 - INFO - Topics check, nothing changes
2018-08-09 17:52:45,096 - INFO - Topics check, nothing changes
2018-08-09 17:52:47,103 - INFO - Topics check, nothing changes
2018-08-09 17:52:51,343 - INFO - Tweepy Config - {'consumer_key': 'EDEHVD09dN7cdIJMPr4D47eYp', 'consumer_secret': 'jTQFOvigDTHu4Lusb7rJ3kCX0RkimTEX1iZaFl0MloKMuhB1Tb', 'access_token': '3932937014-ULiqX7aTSxpHEQOHEncUL2w6YT3tEzvbyYpseea', 'access_token_secret': 'CdGTXhyJX9qkBO3MeqRAZne6Cv4MPPKWDMlUuMz3DTNcV'}
2018-08-09 17:52:51,349 - INFO - MongoDB Config Url - mongodb://localhost:20087/
2018-08-09 17:52:51,372 - INFO - Topics initialized from DB: dict_keys([])
2018-08-09 17:52:51,374 - INFO - Topic keywords: []
2018-08-09 17:52:53,377 - INFO - Topics check, nothing changes
2018-08-09 17:52:53,377 - INFO - Topic keywords: []
2018-08-09 17:52:55,386 - INFO - Topics check, nothing changes
2018-08-09 17:52:55,386 - INFO - Topic keywords: []
2018-08-09 17:52:57,393 - INFO - Topics check, nothing changes
2018-08-09 17:52:57,393 - INFO - Topic keywords: []
2018-08-09 17:52:59,400 - INFO - Topics check, nothing changes
2018-08-09 17:52:59,401 - INFO - Topic keywords: []
2018-08-09 17:53:01,410 - INFO - Topics check, nothing changes
2018-08-09 17:53:01,411 - INFO - Topic keywords: []
2018-08-09 17:53:03,418 - INFO - Topics check, nothing changes
2018-08-09 17:53:03,418 - INFO - Topic keywords: []
2018-08-09 17:53:05,428 - INFO - Topics check, nothing changes
2018-08-09 17:53:05,428 - INFO - Topic keywords: []
2018-08-09 17:53:07,439 - INFO - Topics check, nothing changes
2018-08-09 17:53:07,440 - INFO - Topic keywords: []
2018-08-09 17:53:09,446 - INFO - Topics check, nothing changes
2018-08-09 17:53:09,447 - INFO - Topic keywords: []
2018-08-09 17:53:11,454 - INFO - Topics check, nothing changes
2018-08-09 17:53:11,454 - INFO - Topic keywords: []
2018-08-09 17:53:13,462 - INFO - Topics check, nothing changes
2018-08-09 17:53:13,462 - INFO - Topic keywords: []
2018-08-09 17:53:15,471 - INFO - Topics check, nothing changes
2018-08-09 17:53:15,471 - INFO - Topic keywords: []
2018-08-09 17:53:17,483 - INFO - Topics check, nothing changes
2018-08-09 17:53:17,483 - INFO - Topic keywords: []
2018-08-09 17:53:19,490 - INFO - Topics check, nothing changes
2018-08-09 17:53:19,490 - INFO - Topic keywords: []
2018-08-09 17:53:21,496 - INFO - Topics check, nothing changes
2018-08-09 17:53:21,505 - INFO - Topic keywords: []
2018-08-09 17:53:23,517 - INFO - Topics check, nothing changes
2018-08-09 17:53:23,519 - INFO - Topic keywords: []
2018-08-09 17:53:25,527 - INFO - Topics check, nothing changes
2018-08-09 17:53:25,527 - INFO - Topic keywords: []
2018-08-09 17:53:27,533 - INFO - Topics check, nothing changes
2018-08-09 17:53:27,534 - INFO - Topic keywords: []
2018-08-09 17:53:29,552 - INFO - Topics check, nothing changes
2018-08-09 17:53:29,552 - INFO - Topic keywords: []
2018-08-09 17:53:31,556 - INFO - Topics check, nothing changes
2018-08-09 17:53:31,557 - INFO - Topic keywords: []
2018-08-09 17:53:33,564 - INFO - Topics check, nothing changes
2018-08-09 17:53:33,573 - INFO - Topic keywords: []
2018-08-09 17:53:35,580 - INFO - Topics check, nothing changes
2018-08-09 17:53:35,580 - INFO - Topic keywords: []
2018-08-09 17:53:37,588 - INFO - Topics check, nothing changes
2018-08-09 17:53:37,589 - INFO - Topic keywords: []
2018-08-09 17:53:39,596 - INFO - Topics check, nothing changes
2018-08-09 17:53:39,597 - INFO - Topic keywords: []
2018-08-09 17:53:41,601 - INFO - Topics check, nothing changes
2018-08-09 17:53:41,601 - INFO - Topic keywords: []
2018-08-09 17:53:43,608 - INFO - Topics check, nothing changes
2018-08-09 17:53:43,609 - INFO - Topic keywords: []
2018-08-09 17:53:45,616 - INFO - Topics check, nothing changes
2018-08-09 17:53:45,617 - INFO - Topic keywords: []
2018-08-09 17:53:47,623 - INFO - Topics check, nothing changes
2018-08-09 17:53:47,623 - INFO - Topic keywords: []
2018-08-09 17:53:49,632 - INFO - Topics check, nothing changes
2018-08-09 17:53:49,632 - INFO - Topic keywords: []
2018-08-09 17:53:51,639 - INFO - Topics check, nothing changes
2018-08-09 17:53:51,639 - INFO - Topic keywords: []
2018-08-09 17:53:53,646 - INFO - Topics check, nothing changes
2018-08-09 17:53:53,646 - INFO - Topic keywords: []
2018-08-09 17:53:55,653 - INFO - Topics check, nothing changes
2018-08-09 17:53:55,653 - INFO - Topic keywords: []
2018-08-09 17:53:57,659 - INFO - Topics check, nothing changes
2018-08-09 17:53:57,659 - INFO - Topic keywords: []
2018-08-09 17:53:59,666 - INFO - Topics check, nothing changes
2018-08-09 17:53:59,666 - INFO - Topic keywords: []
2018-08-09 17:54:01,672 - INFO - Topics check, nothing changes
2018-08-09 17:54:01,673 - INFO - Topic keywords: []
2018-08-09 17:54:03,686 - INFO - Topics check, nothing changes
2018-08-09 17:54:03,687 - INFO - Topic keywords: []
2018-08-09 17:54:05,693 - INFO - Topics check, nothing changes
2018-08-09 17:54:05,694 - INFO - Topic keywords: []
2018-08-09 17:54:07,699 - INFO - Topics check, nothing changes
2018-08-09 17:54:07,699 - INFO - Topic keywords: []
2018-08-09 17:54:14,231 - INFO - Tweepy Config - {'consumer_key': 'EDEHVD09dN7cdIJMPr4D47eYp', 'consumer_secret': 'jTQFOvigDTHu4Lusb7rJ3kCX0RkimTEX1iZaFl0MloKMuhB1Tb', 'access_token': '3932937014-ULiqX7aTSxpHEQOHEncUL2w6YT3tEzvbyYpseea', 'access_token_secret': 'CdGTXhyJX9qkBO3MeqRAZne6Cv4MPPKWDMlUuMz3DTNcV'}
2018-08-09 17:54:14,242 - INFO - MongoDB Config Url - mongodb://localhost:20087/
2018-08-09 17:54:14,345 - INFO - Topics initialized from DB: dict_keys([]), keywords: []
2018-08-09 17:54:16,358 - INFO - Topics check, nothing changes, keywords: []
2018-08-09 17:54:18,363 - INFO - Topics check, nothing changes, keywords: []
2018-08-09 17:54:20,371 - INFO - Topics check, nothing changes, keywords: []
2018-08-09 17:54:22,381 - INFO - Topics check, nothing changes, keywords: []
2018-08-09 17:54:24,390 - INFO - Topics check, nothing changes, keywords: []
2018-08-09 17:54:26,398 - INFO - Topics check, nothing changes, keywords: []
2018-08-09 17:54:28,405 - INFO - Topics check, nothing changes, keywords: []
2018-08-09 17:54:30,408 - INFO - Topics check, nothing changes, keywords: []
2018-08-09 17:54:32,414 - INFO - Topics check, nothing changes, keywords: []
2018-08-09 17:54:34,427 - INFO - Topics check, nothing changes, keywords: []
2018-08-09 17:54:36,431 - INFO - Topics check, nothing changes, keywords: []
2018-08-09 17:54:38,437 - INFO - Topics check, nothing changes, keywords: []
2018-08-09 17:54:40,445 - INFO - Topics check, nothing changes, keywords: []
2018-08-09 17:54:42,452 - INFO - Topics check, nothing changes, keywords: []
2018-08-09 17:54:44,458 - INFO - Topics check, nothing changes, keywords: []
2018-08-09 17:54:46,461 - INFO - Topics check, nothing changes, keywords: []
2018-08-09 17:54:48,468 - INFO - Topics check, nothing changes, keywords: []
2018-08-09 17:54:50,474 - INFO - Topics check, nothing changes, keywords: []
2018-08-09 17:54:52,480 - INFO - Topics check, nothing changes, keywords: []
2018-08-09 17:54:54,494 - INFO - Topics check, nothing changes, keywords: []
2018-08-09 17:54:56,502 - INFO - Topics check, nothing changes, keywords: []
2018-08-09 17:54:58,507 - INFO - Topics check, nothing changes, keywords: []
2018-08-09 17:55:00,513 - INFO - Topics check, nothing changes, keywords: []
2018-08-09 17:55:02,520 - INFO - Topics check, nothing changes, keywords: []
2018-08-09 17:55:04,538 - INFO - Topics check, nothing changes, keywords: []
2018-08-09 17:55:06,544 - INFO - Topics check, nothing changes, keywords: []
2018-08-09 17:55:08,549 - INFO - Topics check, nothing changes, keywords: []
2018-08-09 17:55:10,556 - INFO - Topics check, nothing changes, keywords: []
2018-08-09 17:55:12,566 - INFO - Topics check, nothing changes, keywords: []
2018-08-09 17:55:14,571 - INFO - Topics check, nothing changes, keywords: []
2018-08-09 17:55:16,578 - INFO - Topics check, nothing changes, keywords: []
2018-08-09 17:55:18,586 - INFO - Topics check, nothing changes, keywords: []
2018-08-09 17:55:20,592 - INFO - Topics check, nothing changes, keywords: []
2018-08-09 17:55:22,611 - INFO - Topics check, nothing changes, keywords: []
2018-08-09 17:55:24,616 - INFO - Topics check, nothing changes, keywords: []
2018-08-09 17:55:26,623 - INFO - Topics check, nothing changes, keywords: []
2018-08-09 17:55:28,630 - INFO - Topics check, nothing changes, keywords: []
2018-08-09 17:55:30,637 - INFO - Topics check, nothing changes, keywords: []
2018-08-09 17:55:32,644 - INFO - Topics check, nothing changes, keywords: []
2018-08-09 17:55:34,659 - INFO - Topics check, nothing changes, keywords: []
2018-08-09 17:55:36,665 - INFO - Topics check, nothing changes, keywords: []
2018-08-09 17:55:38,674 - INFO - Topics check, nothing changes, keywords: []
2018-08-09 17:55:40,681 - INFO - Topics update from DB: dict_keys(['Trump']),  keywords: ['#trump']
2018-08-09 17:55:40,687 - INFO - Stream restarts
2018-08-09 17:55:42,691 - INFO - Topics check, nothing changes, keywords: ['#trump']
2018-08-09 17:55:44,703 - INFO - Topics check, nothing changes, keywords: ['#trump']
2018-08-09 17:55:46,710 - INFO - Topics check, nothing changes, keywords: ['#trump']
2018-08-09 17:55:48,715 - INFO - Topics check, nothing changes, keywords: ['#trump']
2018-08-09 17:55:50,721 - INFO - Topics check, nothing changes, keywords: ['#trump']
2018-08-09 17:55:52,728 - INFO - Topics check, nothing changes, keywords: ['#trump']
2018-08-09 17:55:54,736 - INFO - Topics check, nothing changes, keywords: ['#trump']
2018-08-09 17:55:56,744 - INFO - Topics check, nothing changes, keywords: ['#trump']
2018-08-09 17:55:58,748 - INFO - Topics check, nothing changes, keywords: ['#trump']
2018-08-09 17:56:00,762 - INFO - Topics check, nothing changes, keywords: ['#trump']
2018-08-09 17:56:02,769 - INFO - Topics check, nothing changes, keywords: ['#trump']
2018-08-09 17:56:04,776 - INFO - Topics check, nothing changes, keywords: ['#trump']
2018-08-09 17:56:06,784 - INFO - Topics check, nothing changes, keywords: ['#trump']
2018-08-09 17:56:08,790 - INFO - Topics check, nothing changes, keywords: ['#trump']
2018-08-09 17:56:10,794 - INFO - Topics check, nothing changes, keywords: ['#trump']
2018-08-09 17:57:44,300 - INFO - Tweepy Config - {'consumer_key': 'EDEHVD09dN7cdIJMPr4D47eYp', 'consumer_secret': 'jTQFOvigDTHu4Lusb7rJ3kCX0RkimTEX1iZaFl0MloKMuhB1Tb', 'access_token': '3932937014-ULiqX7aTSxpHEQOHEncUL2w6YT3tEzvbyYpseea', 'access_token_secret': 'CdGTXhyJX9qkBO3MeqRAZne6Cv4MPPKWDMlUuMz3DTNcV'}
2018-08-09 17:57:44,304 - INFO - MongoDB Config Url - mongodb://localhost:20087/
2018-08-09 17:57:44,332 - INFO - Topics initialized from DB: dict_keys(['Trump']), keywords: ['#trump']
2018-08-09 17:58:44,341 - INFO - Topics update from DB: dict_keys(['Trump', 'james']),  keywords: ['#trump', '#james']
2018-08-09 17:58:44,360 - INFO - Stream restarts
2018-08-09 17:59:44,369 - INFO - Topics check, nothing changes, keywords: ['#trump', '#james']
2018-08-09 18:00:44,381 - INFO - Topics update from DB: dict_keys(['Trump', 'james', 'potus']),  keywords: ['#trump', '#james', '#POTUS']
2018-08-09 18:00:44,397 - INFO - Stream restarts
2018-08-09 18:01:44,414 - INFO - Topics check, nothing changes, keywords: ['#trump', '#james', '#POTUS']
2018-08-09 18:02:44,443 - INFO - Topics check, nothing changes, keywords: ['#trump', '#james', '#POTUS']
2018-08-09 18:03:44,463 - INFO - Topics check, nothing changes, keywords: ['#trump', '#james', '#POTUS']
2018-08-09 18:04:44,480 - INFO - Topics check, nothing changes, keywords: ['#trump', '#james', '#POTUS']
2018-08-09 18:06:28,098 - INFO - Tweepy Config - {'consumer_key': 'EDEHVD09dN7cdIJMPr4D47eYp', 'consumer_secret': 'jTQFOvigDTHu4Lusb7rJ3kCX0RkimTEX1iZaFl0MloKMuhB1Tb', 'access_token': '3932937014-ULiqX7aTSxpHEQOHEncUL2w6YT3tEzvbyYpseea', 'access_token_secret': 'CdGTXhyJX9qkBO3MeqRAZne6Cv4MPPKWDMlUuMz3DTNcV'}
2018-08-09 18:06:28,102 - INFO - MongoDB Config Url - mongodb://localhost:20087/
2018-08-09 18:06:28,144 - INFO - Topics initialized from DB: ['Trump', 'james', 'potus'], keywords: ['#trump', '#james', '#POTUS']
2018-08-09 18:07:28,156 - INFO - Topics check, nothing changes, keywords: ['#trump', '#james', '#POTUS']
2018-08-09 18:08:28,172 - INFO - Topics check, nothing changes, keywords: ['#trump', '#james', '#POTUS']
2018-08-09 18:09:28,190 - INFO - Topics check, nothing changes, keywords: ['#trump', '#james', '#POTUS']
2018-08-09 18:10:06,506 - INFO - Tweepy Config - {'consumer_key': 'EDEHVD09dN7cdIJMPr4D47eYp', 'consumer_secret': 'jTQFOvigDTHu4Lusb7rJ3kCX0RkimTEX1iZaFl0MloKMuhB1Tb', 'access_token': '3932937014-ULiqX7aTSxpHEQOHEncUL2w6YT3tEzvbyYpseea', 'access_token_secret': 'CdGTXhyJX9qkBO3MeqRAZne6Cv4MPPKWDMlUuMz3DTNcV'}
2018-08-09 18:10:06,521 - INFO - MongoDB Config Url - mongodb://localhost:20087/
2018-08-09 18:10:06,560 - INFO - Topics initialized from DB: ['Trump', 'james', 'potus'], keywords: ['#trump', '#james', '#POTUS']
2018-08-09 18:11:06,571 - INFO - Topics check, nothing changes, keywords: ['#trump', '#james', '#POTUS']
2018-08-09 18:12:06,582 - INFO - Topics check, nothing changes, keywords: ['#trump', '#james', '#POTUS']
2018-08-09 18:13:06,598 - INFO - Topics check, nothing changes, keywords: ['#trump', '#james', '#POTUS']
2018-08-09 18:14:06,608 - INFO - Topics check, nothing changes, keywords: ['#trump', '#james', '#POTUS']
2018-08-09 18:15:45,379 - INFO - Tweepy Config - {'consumer_key': 'EDEHVD09dN7cdIJMPr4D47eYp', 'consumer_secret': 'jTQFOvigDTHu4Lusb7rJ3kCX0RkimTEX1iZaFl0MloKMuhB1Tb', 'access_token': '3932937014-ULiqX7aTSxpHEQOHEncUL2w6YT3tEzvbyYpseea', 'access_token_secret': 'CdGTXhyJX9qkBO3MeqRAZne6Cv4MPPKWDMlUuMz3DTNcV'}
2018-08-09 18:15:45,382 - INFO - MongoDB Config Url - mongodb://localhost:20087/
2018-08-09 18:15:45,414 - INFO - Topics initialized from DB: ['Trump', 'james', 'potus'], keywords: ['#trump', '#james', '#POTUS']
2018-08-09 18:16:45,426 - INFO - deleted old scores: {'n': 195, 'ok': 1.0}
2018-08-09 18:16:45,429 - INFO - Topics check, nothing changes, keywords: ['#trump', '#james', '#POTUS']
2018-08-09 18:17:35,498 - INFO - Tweepy Config - {'consumer_key': 'EDEHVD09dN7cdIJMPr4D47eYp', 'consumer_secret': 'jTQFOvigDTHu4Lusb7rJ3kCX0RkimTEX1iZaFl0MloKMuhB1Tb', 'access_token': '3932937014-ULiqX7aTSxpHEQOHEncUL2w6YT3tEzvbyYpseea', 'access_token_secret': 'CdGTXhyJX9qkBO3MeqRAZne6Cv4MPPKWDMlUuMz3DTNcV'}
2018-08-09 18:17:35,501 - INFO - MongoDB Config Url - mongodb://localhost:20087/
2018-08-09 18:17:35,530 - INFO - Topics initialized from DB: ['Trump', 'james', 'potus'], keywords: ['#trump', '#james', '#POTUS']
2018-08-09 18:17:40,537 - INFO - deleted old scores: {'n': 13, 'ok': 1.0}
2018-08-09 18:17:40,539 - INFO - Topics check, nothing changes, keywords: ['#trump', '#james', '#POTUS']
2018-08-09 18:17:45,542 - INFO - deleted old scores: {'n': 1, 'ok': 1.0}
2018-08-09 18:17:45,544 - INFO - Topics check, nothing changes, keywords: ['#trump', '#james', '#POTUS']
2018-08-09 18:17:50,547 - INFO - deleted old scores: {'n': 2, 'ok': 1.0}
2018-08-09 18:17:50,549 - INFO - Topics check, nothing changes, keywords: ['#trump', '#james', '#POTUS']
2018-08-09 18:17:55,556 - INFO - deleted old scores: {'n': 1, 'ok': 1.0}
2018-08-09 18:17:55,559 - INFO - Topics check, nothing changes, keywords: ['#trump', '#james', '#POTUS']
2018-08-09 18:18:00,565 - INFO - deleted old scores: {'n': 2, 'ok': 1.0}
2018-08-09 18:18:00,568 - INFO - Topics check, nothing changes, keywords: ['#trump', '#james', '#POTUS']
2018-08-09 18:18:05,575 - INFO - deleted old scores: {'n': 0, 'ok': 1.0}
2018-08-09 18:18:05,584 - INFO - Topics check, nothing changes, keywords: ['#trump', '#james', '#POTUS']
2018-08-09 18:23:09,745 - INFO - Tweepy Config - {'consumer_key': 'EDEHVD09dN7cdIJMPr4D47eYp', 'consumer_secret': 'jTQFOvigDTHu4Lusb7rJ3kCX0RkimTEX1iZaFl0MloKMuhB1Tb', 'access_token': '3932937014-ULiqX7aTSxpHEQOHEncUL2w6YT3tEzvbyYpseea', 'access_token_secret': 'CdGTXhyJX9qkBO3MeqRAZne6Cv4MPPKWDMlUuMz3DTNcV'}
2018-08-09 18:23:09,750 - INFO - MongoDB Config Url - mongodb://localhost:20087/
2018-08-09 18:23:09,776 - INFO - Topics initialized from DB: ['Hilary Clinton', 'James', 'Donald Trump'], keywords: ['Hilary Clinton', '#clinton', 'James', '#james', 'Donald Trump', '#Trump']
2018-08-09 18:23:14,783 - INFO - deleted old scores: {'n': 97, 'ok': 1.0}
2018-08-09 18:23:14,784 - INFO - Topics check, nothing changes, keywords: ['Hilary Clinton', '#clinton', 'James', '#james', 'Donald Trump', '#Trump']
2018-08-09 18:23:19,789 - INFO - deleted old scores: {'n': 4, 'ok': 1.0}
2018-08-09 18:23:19,800 - INFO - Topics check, nothing changes, keywords: ['Hilary Clinton', '#clinton', 'James', '#james', 'Donald Trump', '#Trump']
2018-08-09 18:23:24,824 - INFO - deleted old scores: {'n': 3, 'ok': 1.0}
2018-08-09 18:23:24,826 - INFO - Topics check, nothing changes, keywords: ['Hilary Clinton', '#clinton', 'James', '#james', 'Donald Trump', '#Trump']
2018-08-09 18:26:46,074 - INFO - Tweepy Config - {'consumer_key': 'EDEHVD09dN7cdIJMPr4D47eYp', 'consumer_secret': 'jTQFOvigDTHu4Lusb7rJ3kCX0RkimTEX1iZaFl0MloKMuhB1Tb', 'access_token': '3932937014-ULiqX7aTSxpHEQOHEncUL2w6YT3tEzvbyYpseea', 'access_token_secret': 'CdGTXhyJX9qkBO3MeqRAZne6Cv4MPPKWDMlUuMz3DTNcV'}
2018-08-09 18:26:46,077 - INFO - MongoDB Config Url - mongodb://localhost:20087/
2018-08-09 18:26:46,085 - INFO - deleted old scores: {'n': 0, 'ok': 1.0}
2018-08-09 18:26:46,105 - INFO - Topics initialized from DB: ['Trump', 'james', 'potus'], keywords: ['#trump', '#james', '#POTUS']
2018-08-09 18:26:51,120 - INFO - deleted old scores: {'n': 0, 'ok': 1.0}
2018-08-09 18:26:51,127 - INFO - Topics check, nothing changes, keywords: ['#trump', '#james', '#POTUS']
2018-08-09 18:26:56,135 - INFO - deleted old scores: {'n': 0, 'ok': 1.0}
2018-08-09 18:26:56,140 - INFO - Topics check, nothing changes, keywords: ['#trump', '#james', '#POTUS']
